[  0.000000Intiazig coup ubsyspuet    0.0000]Initializing cgroup subsyys cpu[    0.0000] nitializing cgroup subsys cpuacct
[    0.000000] Linux version 4.4.0-141-generic (buildd@lcy01-amd64-006) (gcc versn .4.2060609 (Ubuntu 5.4.0-6ubuntu1~16.04.10) ) #167-Ubuntu SMP Wed Dec 5 10:40:15 UTC 2018 (Ubuntu 4.4.0-141.167-generic 4.4.162)
[  0.000000] Command line: BOOT_IMAGE=/boot/vmlinuz-4.4.0-141-generic rot=UUID=48628860-7699-4c6a-971e-5165408082e0 ro console=tty1 console=ttyS0
[  0.000000] KERNEL supported cpus:
[    0.000000]   ntel GeinIntel
[    0.000000]   AMD AuthenticAMD
[   0.0000]   Centa CntaurHauls
[    0.0000]x86/fpu:state_offset[2]:  576, xstate_sizes[2]:  256
[    0.000000] x86/fpu: Supporting XSAVE feature 0x01: 'x87 floating point registers'
[    0.000000] 6/fpu: Supporting XSAVE feature 0x02: 'SSE registers'
[    0.000000] x86/fpu: Supporting XSAVE feature 0x04: 'AVX registers'
[    0.000000] x86/fpu: Enabled xstate features 0x7, context size is 832 bytes, using 'standard' format.
[  0000000] e820: BIOS-provided physical RAM map:
[    0.000000BIS-e820: [mem 0x0000000000000-0x000000000009fbff] usabl
[   0.000000] BIOS-e820: [mem 0x000000000009fc00-0x000000000009ffff] reserved
[    0.000000] BIOS-e820: [mem 0x00000000000f0000-0x00000000000fffff] reserved
[  0000000]BIOS-e820: [mem 0x00000000000100000-0x000000fefff] usable
[    0.000000] BIOS-e820: [mem 0x00000000dfff0000-0000000dffff] ACPI data
[    0.000000] BIOS-e820: [mem 0x00000000fec00000-0x00000000fec00fff] reserved
[    0.000000] BIOS-e820: [mem 0x00000fee00000-0x00000fee00fff] reserved
[    0.000000] BIOS-e820: [mem 0x00000000fffc0000-0x00000000ffffffff] reserved
[  0.000000] BIOS-e820: [mem 0x0000000100000000-0x000000011fffffff] usable
[    0.000000] NX (Execute Disable) protection: active
[    0.000000] SMBIOS 2.5 present.
[  0.000000] Hypervisor detected: KVM
[    0.000000] e820: last_pfn = 0x120000 max_arch_pfn = 0x400000000
[    0.000000] MTRR: Disabled
[   0.000000] x86/PAT: MTRRs disabled, skipping PAT initialization too.
[    0.000000] CPU MTRRs all blank - virtualized system.
[    0.000000] x86/PAT: Configuration [0-7]: WB  WT  UC- UC  WB  WT  UC- UC 
[    0.000000] e820: last_pfn = 0xdfff0 max_arch_pfn = 0x400000000
[    0.000000] found SMP MP-table at [mem 0x0009fff0-0x0009ffff] mapped at [ffff88000009fff0]
[    0.000000] Scanning 1 areas for low memory corruption
[    0.000000] RAMDISK: [mem 0x361e4000-0x370e9fff]
[    0.000000] ACPI: Early table checksum verification disabled
[    0.000000] ACPI: RSDP 0x00000000000E0000 000024 (v02 VBOX  )
[    0.000000] ACPI: XSDT 0x00000000DFFF0030 00003C (v01 VBOX   VBOXXSDT 00000001 ASL  00000061)
[    0.000000] ACPI: FACP 0x00000000DFFF00F0 0000F4 (v04 VBOX   VBOXFACP 000001ASL  00000061)
[    0.0000] ACPI: DSDT 0x00000000DFFF0470 0021FF (v02 VBOX   BOXBIOS 00000002 INTL 20100528)
[  0.000000] ACPI: FACS 0x00000000DFFF0200 000040
[   0.000000] ACPI: FACS 0x00000000FF200 000040
[    0.000000] ACPI: APIC 0x00000000DFFF0240 00005C (v02 VBOX   VBOXAPIC 00000001 ASL  00000061)
[    0.000000] ACPI: SSDT 0x00000000DFFF02A0 0001CC (v01 VBOX   VBOXCPUT 0000002 INTL 20100528)
[   0.0000] No NUMA configuration found
[   0.000000] Faking a node at [mem 0x0000000000000000-0x000000011fffffff]
[  0000000] NODE_DATA(0) allocated [mem 0x11fff7000-0x11fffbfff]
[  0000000] kvm-clock Using msrs 4b564d01 and 4b564d00
[    0.000000] kvm-clock: cpu , msr 1:1ffef001, primary cpu clock
[    00000]vmclock: using sched offset of 4541023997 cycles
[  0000000] clocksource: kvm-clock: mask: 0xffffffffffffffff max_cycles: 0x1cd42e4dffb, max_idle_ns: 881590591483 ns
[    0.000000] Zone ranges:
[    0.000000]   DMA      [mem 0x0000000000001000-0x0000000000ffffff]
[  0000000]   DMA32    [mem 0x0000000001000000-0x00000000ffffffff]
[    0.000000]   Normal   [mem 0x0000000100000000-0x000000011fffffff]
[  0000000]   Device   empty
[  0.000000] Movable zone start for each node
[    0.000000] Early memory node ranges
[    0.000000]   node   0: [mem 0x0000000000001000-0x000000000009efff]
[    0.000000]   node   0: [mem 0x0000000000100000-0x00000000dffeffff]
[    0.000000]   node   0: [mem 0x0000000100000000-0x000000011fffffff]
[    0.000000] Initmem setup node 0 [mem 0x0000000000001000-0x000000011fffffff]
[    0.000000] ACPI: PM-Timer IO Port: 0x4008
[  0.000000] IOAPIC[0]apic_id 2, version 32, address 0xfec00000, GSI 0-23
[   0.000000] ACPI: INT_SRC_OVR (bus 0 bus_irq 0 global_irq 2 dfl dfl)
[  0.000000] ACPI: INT_SRC_OVR (bus 0 bus_irq 9 global_irq 9 low level)
[   0.000000] Using ACPI (MADT) for SMP configuration information
[  0.000000] smpboot: Allowing 2 CPUs, 0 hotplug CPUs
[   0.000000] PM: Registered nosave memory: [mem 0x00000000-0x00000fff]
[  0000000] PM: Registered nosave memory: [mem 0x0009f000-0x0009ffff]
[    0.000000] PM: Registered nosave memory: [mem 0x000a0000-0x000effff]
[  0000000] PM: Registered nosave memory: [mem 0x000f0000-0x000fffff]
[  0.000000] PM: Registered nosave memory: [mem 0xdfff0000-0xdfffffff]
[    0.000000] PM: Registered nosave memory: [mem 0xe0000000-0xfebfffff]
[    0.000000] PM: Registered nosave memory: [mem 0xfec00000-0xfec00fff]
[    0.000000] PM: Registered nosave memory: [mem 0xfec01000-0xfedfffff]
[   0.000000] PM: Registered nosave memory: [mem 0xfee00000-0xfee00fff]
[  0.000000] PM: Registered nosave memory: [mem 0xfee01000-0xfffbffff]
[   0.000000] PM: Registered nosave memory: [mem 0xfffc0000-0xffffffff]
[    0.0000]e820: [mem 0xe0000000-0xfebfffff] available for PCI devices
[    0.000000] Booting paravirtualized kernel on KVM
[    0.000000] clocksource: refined-jiffies: mask: 0xffffffff max_cycles: 0xffffffff, max_idle_ns: 7645519600211568 ns
[    0.000000] setup_percpu: NR_CPUS:512 nr_cpumask_bits:512 nr_cpu_ids:2 nr_node_ids:1
[    0.000000] PERCPU: Embedded 34 pages/cpu @ffff88011fc00000 s99608 r8192 d31464 u1048576
[  0.000000] PV qspinlock hash table entries: 256 (order: 0, 4096 bytes)
[    0.000000] Built 1 zonelists in Node order, mobility grouping on.  Total pages: 1032056
[    0.000000] Policy zone: Normal
[    0.000000] Kernel command line: BOOT_IMAGE=/boot/vmlinuz-4.4.0-141-generic root=UUID=48628860-7699-4c6a-971e-5165408082e0 ro console=tty1 console=ttyS0
[    0.0000] PID hash table entries: 4096 (order: 3, 32768 bytes)
[    0.000000] Memory: 4027632K/4193848K available (8568K kernel code, 1314K rwdata, 4008K rodata, 1528K init, 1316K bss, 166216K reserved, 0K cma-reserved)
[  0.0000000] SLUB: HWalign=64, Order=0-3, MinObjects=0, CPUs=2, Nodes=1
[   0.000000] Kernel/User page tables isolation: enabled
[    0.000000] Hierarchical RCU implementation.
[    0.000000] 	Build-time adjustment of leaf fanout to 64.
[  0000000] 	RCU restricting CPUs from NR_CPUS=512 to nr_cpu_ids=2.
[  0.000000] RCU: Adjusting geometry for rcu_fanout_leaf=64, nr_cpu_ids=2
[   0.000000] NR_IRQS:33024 nr_irqs:440 16
[  0.000000] Console: colour VGA+ 80x25
[    0.000000] console [tty1] enabled
[    0.000000] console [ttyS0] enabled
[    0.000000] tsc: Detected 2903.998 MHz processor
[    6.635689] Calibrating delay loop (skipped) preset value.. 5807.99 BogoMIPS (lpj=11615992)
[    6.644729] pid_max: default: 32768 minimum: 301
[    6.646058] ACPI: Core revision 20150930
[    6.656120] ACPI: 2 ACPI AML tables successfully acquired and loaded
[    6.690353] Security Framework initialized
[    6.720031] Yama: becoming mindful.
[    6.727307] AppArmor: AppArmor initialized
[    6.738795] Dentry cache hash table entries: 524288 (order: 10, 4194304 bytes)
[    6.756256] Inode-cache hash table entries: 262144 (order: 9, 2097152 bytes)
[    6.758154] Mount-cache hash table entries: 8192 (order: 4, 65536 bytes)
[    6.767306] Mountpoint-cache hash table entries: 8192 (order: 4, 65536 bytes)
[    6.772125] Initializing cgroup subsys io
[    6.780206] Initializing cgroup subsys memory
[    6.794474] Initializing cgroup subsys devices
[    6.795856] Initializing cgroup subsys freezer
[    6.797075] Initializing cgroup subsys net_cls
[    6.798238] Initializing cgroup subsys perf_event
[    6.813954] Initializing cgroup subsys net_prio
[    6.821338] Initializing cgroup subsys hugetlb
[    6.822543] Initializing cgroup subsys pids
[    6.824808] mce: CPU supports 0 MCE banks
[    6.826104] Last level iTLB entries: 4KB 64, 2MB 8, 4MB 8
[    6.827457] Last level dTLB entries: 4KB 64, 2MB 0, 4MB 0, 1GB 4
[    6.841436] Spectre V2 : Mitigation: Full generic retpoline
[    6.849837] Spectre V2 : Spectre v2 mitigation: Speculation control IBPB not-supported IBRS not-supported
[    6.852065] Spectre V2 : Spectre v2 / SpectreRSB mitigation: Filling RSB on context switch
[    6.854367] Speculative Store Bypass: Vulnerable
[    6.858221] Freeing SMP alternatives memory: 32K
[    6.867885] ftrace: allocating 32291 entries in 127 pages
[    6.944732] smpboot: APIC(0) Converting physical 0 to logical package 0
[    6.953198] smpboot: Max logical packages: 1
[    6.963194] x2apic enabled
[    6.974519] Switched APIC routing to physical x2apic.
[    6.978224] ..TIMER: vector=0x30 apic1=0 pin1=2 apic2=-1 pin2=-1
[    7.086835] smpboot: CPU0: Intel(R) Core(TM) i7-7600U CPU @ 2.80GHz (family: 0x6, model: 0x8e, stepping: 0x9)
[    7.090512] Performance Events: unsupported p6 CPU model 142 no PMU driver, software events only.
[    7.093743] KVM setup paravirtual spinlock
[    7.095945] x86: Booting SMP configuration:
[    7.097513] .... node  #0, CPUs:      #1
[    7.098958] kvm-clock: cpu 1, msr 1:1ffef041, secondary cpu clock
[    7.101846] mce: CPU supports 0 MCE banks
[    7.110524] x86: Booted up 1 node, 2 CPUs
[    7.112319] smpboot: Total of 2 processors activated (11615.99 BogoMIPS)
[    7.114910] devtmpfs: initialized
[    7.118482] evm: security.selinux
[    7.119875] evm: security.SMACK64
[    7.120988] evm: security.SMACK64EXEC
[    7.122431] evm: security.SMACK64TRANSMUTE
[    7.123884] evm: security.SMACK64MMAP
[    7.125146] evm: security.ima
[    7.126419] evm: security.capability
[    7.127942] clocksource: jiffies: mask: 0xffffffff max_cycles: 0xffffffff, max_idle_ns: 7645041785100000 ns
[    7.131049] futex hash table entries: 512 (order: 3, 32768 bytes)
[    7.139605] pinctrl core: initialized pinctrl subsystem
[    7.141394] RTC time: 22:01:11, date: 03/07/19
[    7.143325] NET: Registered protocol family 16
[    7.155085] cpuidle: using governor ladder
[    7.166949] cpuidle: using governor menu
[    7.168335] PCCT header not found.
[    7.169721] ACPI: bus type PCI registered
[    7.178365] acpiphp: ACPI Hot Plug PCI Controller Driver version: 0.5
[    7.181077] PCI: Using configuration type 1 for base access
[    7.200130] ACPI: Added _OSI(Module Device)
[    7.201454] ACPI: Added _OSI(Processor Device)
[    7.203107] ACPI: Added _OSI(3.0 _SCP Extensions)
[    7.204777] ACPI: Added _OSI(Processor Aggregator Device)
[    7.207670] ACPI: Executed 1 blocks of module-level executable AML code
[    7.213499] ACPI: Interpreter enabled
[    7.215036] ACPI: (supports S0 S5)
[    7.216993] ACPI: Using IOAPIC for interrupt routing
[    7.218947] PCI: Using host bridge windows from ACPI; if necessary, use "pci=nocrs" and report a bug
[    7.229745] ACPI: PCI Root Bridge [PCI0] (domain 0000 [bus 00-ff])
[    7.231696] acpi PNP0A03:00: _OSC: OS supports [ASPM ClockPM Segments MSI]
[    7.233954] acpi PNP0A03:00: _OSC: not requesting OS control; OS requires [ExtendedConfig ASPM ClockPM MSI]
[    7.237801] acpi PNP0A03:00: fail to add MMCONFIG information, can't access extended PCI configuration space under this bridge.
[    7.246070] PCI host bridge to bus 0000:00
[    7.264563] pci_bus 0000:00: root bus resource [io  0x0000-0x0cf7 window]
[    7.267291] pci_bus 0000:00: root bus resource [io  0x0d00-0xffff window]
[    7.269755] pci_bus 0000:00: root bus resource [mem 0x000a0000-0x000bffff window]
[    7.277587] pci_bus 0000:00: root bus resource [mem 0xe0000000-0xfdffffff window]
[    7.280613] pci_bus 0000:00: root bus resource [bus 00-ff]
[    7.285406] pci 0000:00:01.1: legacy IDE quirk: reg 0x10: [io  0x01f0-0x01f7]
[    7.287958] pci 0000:00:01.1: legacy IDE quirk: reg 0x14: [io  0x03f6]
[    7.290680] pci 0000:00:01.1: legacy IDE quirk: reg 0x18: [io  0x0170-0x0177]
[    7.292877] pci 0000:00:01.1: legacy IDE quirk: reg 0x1c: [io  0x0376]
[    7.373442] pci 0000:00:07.0: quirk: [io  0x4000-0x403f] claimed by PIIX4 ACPI
[    7.376430] pci 0000:00:07.0: quirk: [io  0x4100-0x410f] claimed by PIIX4 SMB
[    7.405750] ACPI: PCI Interrupt Link [LNKA] (IRQs 5 9 10 *11)
[    7.408346] ACPI: PCI Interrupt Link [LNKB] (IRQs 5 9 *10 11)
[    7.411057] ACPI: PCI Interrupt Link [LNKC] (IRQs 5 *9 10 11)
[    7.414931] ACPI: PCI Interrupt Link [LNKD] (IRQs 5 9 10 *11)
[    7.425094] ACPI: Enabled 2 GPEs in block 00 to 07
[    7.427707] vgaarb: setting as boot device: PCI:0000:00:02.0
[    7.430035] vgaarb: device added: PCI:0000:00:02.0,decodes=io+mem,owns=io+mem,locks=none
[    7.438667] vgaarb: loaded
[    7.439844] vgaarb: bridge control possible 0000:00:02.0
[    7.443829] SCSI subsystem initialized
[    7.446375] ACPI: bus type USB registered
[    7.448523] usbcore: registered new interface driver usbfs
[    7.451491] usbcore: registered new interface driver hub
[    7.453842] usbcore: registered new device driver usb
[    7.457169] PCI: Using ACPI for IRQ routing
[    7.459797] NetLabel: Initializing
[    7.463067] NetLabel:  domain hash size = 128
[    7.465266] NetLabel:  protocols = UNLABELED CIPSOv4
[    7.467473] NetLabel:  unlabeled traffic allowed by default
[    7.469652] amd_nb: Cannot enumerate AMD northbridges
[    7.471575] clocksource: Switched to clocksource kvm-clock
[    7.493567] AppArmor: AppArmor Filesystem Enabled
[    7.495481] pnp: PnP ACPI init
[    7.498481] pnp: PnP AC: found 3 devices

[    7.575161] clocksource: acpi_pm: mask: 0xffffff max_cycles: 0xffffff, max_idle_ns: 2085701024 ns
[    7.577692] NET: Registered protocol family 2
[    7.579182] TCP established hash table entries: 32768 (order: 6, 262144 bytes)
[    7.581262] TCP bind hash table entries: 32768 (order: 7, 524288 bytes)
[    7.585901] TCP: Hash tables configured (established 32768 bind 32768)
[    7.587617] UDP hash table entries: 2048 (order: 4, 65536 bytes)
[    7.589217] UDP-Lite hash table entries: 2048 (order: 4, 65536 bytes)
[    7.590931] NET: Registered protocol family 1
[    7.592182] pci 0000:00:00.0: Limiting direct PCI/PCI transfers
[    7.593724] pci 0000:00:01.0: Activating ISA DMA hang workarounds
[    7.595458] Unpacking initramfs...
[    7.906814] Freeing initrd memory: 15384K
[    7.915208] PCI-DMA: Using software bounce buffering for IO (SWIOTLB)
[    7.920987] software IO TLB [mem 0xdbff0000-0xdfff0000] (64MB) mapped at [ffff8800dbff0000-ffff8800dffeffff]
[    7.930789] platform rtc_cmos: registered platform RTC device (no PNP device found)
[    7.941070] Scanning for low memory corruption every 60 seconds
[    7.943392] audit: initializing netlink subsys (disabled)
[    7.945087] audit: type=2000 audit(1551996077.837:1): initialized
[    7.947399] Initialise system trusted keyring
[    7.956018] HugeTLB registered 2 MB page size, pre-allocated 0 pages
[    7.959669] zbud: loaded
[    7.961119] VFS: Disk quotas dquot_6.6.0
[    7.962462] VFS: Dquot-cache hash table entries: 512 (order 0, 4096 bytes)
[    7.964680] squashfs: version 4.0 (2009/01/31) Phillip Lougher
[    7.966987] fuse init (API version 7.23)
[    7.971199] Key type big_key registered
[    7.972674] Allocating IMA MOK and blacklist keyrings.
[    7.976111] Key type asymmetric registered
[    7.977538] Asymmetric key parser 'x509' registered
[    7.979006] Block layer SCSI generic (bsg) driver version 0.4 loaded (major 249)
[    7.981775] io scheduler noop registered
[    7.983218] io scheduler deadline registered (default)
[    7.984939] io scheduler cfq registered
[    7.986422] pci_hotplug: PCI Hot Plug PCI Core version: 0.5
[    7.988284] pciehp: PCI Express Hot Plug Controller Driver version: 0.4
[    7.990628] ACPI: AC Adapter [AC] (on-line)
[    7.992195] input: Power Button as /devices/LNXSYSTM:00/LNXPWRBN:00/input/input0
[    7.994869] ACPI: Power Button [PWRF]
[    7.996609] input: Sleep Button as /devices/LNXSYSTM:00/LNXSLPBN:00/input/input1
[    7.999340] ACPI: Sleep Button [SLPF]
[    8.005043] GHES: HEST is not enabled!
[    8.006572] ACPI: Battery Slot [BAT0] (battery present)
[    8.012682] Serial: 8250/16550 driver, 32 ports, IRQ sharing enabled
[    8.037764] 00:02: ttyS0 at I/O 0x3f8 (irq = 4, base_baud = 115200) is a 16550A
[    8.043693] Linux agpgart interface v0.103
[    8.047740] loop: module loaded
[    8.049916] scsi host0: ata_piix
[    8.051158] scsi host1: ata_piix
[    8.052294] ata1: PATA max UDMA/33 cmd 0x1f0 ctl 0x3f6 bmdma 0xd000 irq 14
[    8.054176] ata2: PATA max UDMA/33 cmd 0x170 ctl 0x376 bmdma 0xd008 irq 15
[    8.062334] libphy: Fixed MDIO Bus: probed
[    8.063743] tun: Universal TUN/TAP device driver, 1.6
[    8.065516] tun: (C) 1999-2004 Max Krasnyansky <maxk@qualcomm.com>
[    8.067911] PPP generic driver version 2.4.2
[    8.069404] ehci_hcd: USB 2.0 'Enhanced' Host Controller (EHCI) Driver
[    8.071254] ehci-pci: EHCI PCI platform driver
[    8.073039] ehci-platform: EHCI generic platform driver
[    8.074824] ohci_hcd: USB 1.1 'Open' Host Controller (OHCI) Driver
[    8.077027] ohci-pci: OHCI PCI platform driver
[    8.078798] ohci-platform: OHCI generic platform driver
[    8.080621] uhci_hcd: USB Universal Host Controller Interface driver
[    8.082992] i8042: PNP: PS/2 Controller [PNP0303:PS2K,PNP0f03:PS2M] at 0x60,0x64 irq 1,12
[    8.086599] serio: i8042 KBD port at 0x60,0x64 irq 1
[    8.088457] serio: i8042 AUX port at 0x60,0x64 irq 12
[    8.090573] mousedev: PS/2 mouse device common for all mice
[    8.093168] input: AT Translated Set 2 keyboard as /devices/platform/i8042/serio0/input/input2
[    8.096835] rtc_cmos rtc_cmos: rtc core: registered rtc_cmos as rtc0
[    8.099006] rtc_cmos rtc_cmos: alarms up to one day, 114 bytes nvram
[    8.101172] i2c /dev entries driver
[    8.102662] device-mapper: uevent: version 1.0.3
[    8.104343] device-mapper: ioctl: 4.34.0-ioctl (2015-10-28) initialised: dm-devel@redhat.com
[    8.109077] ledtrig-cpu: registered to indicate activity on CPUs
[    8.111900] NET: Registered protocol family 10
[    8.114013] NET: Registered protocol family 17
[    8.120813] Key type dns_resolver registered
[    8.122955] registered taskstats version 1
[    8.124561] Loading compiled-in X.509 certificates
[    8.127075] Loaded X.509 cert 'Build time autogenerated kernel key: 7c9fb337b82e5a343493fe891c556beae1895c7c'
[    8.130073] zswap: loaded using pool lzo/zbud
[    8.133748] Key type trusted registered
[    8.139367] Key type encrypted registered
[    8.140858] AppArmor: AppArmor sha1 policy hashing enabled
[    8.142589] ima: No TPM chip found, activating TPM-bypass!
[    8.144246] ima: Allocated hash algorithm: sha1
[    8.145758] evm: HMAC attrs: 0x1
[    8.147218]   Magic number: 11:801:46
[    8.148660] rtc_cmos rtc_cmos: setting system clock to 2019-03-07 22:01:12 UTC (1551996072)
[    8.151400] BIOS EDD facility v0.16 2004-Jun-25, 0 devices found
[    8.153264] EDD information not available.
[    8.221056] Freeing unused kernel memory: 1528K
[    8.231852] Write protecting the kernel read-only data: 14336k
[    8.234247] Freeing unused kernel memory: 1660K
[    8.329930] Freeing unused kernel memory: 88K
Loading, please wait...
starting version 229
[    8.353612] random: systemd-udevd: uninitialized urandom read (16 bytes read, 5 bits of entropy available)
[    8.354035] random: udevadm: uninitialized urandom read (16 bytes read, 5 bits of entropy available)
[    8.354061] random: udevadm: uninitialized urandom read (16 bytes read, 5 bits of entropy available)
[    8.365669] random: udevadm: uninitialized urandom read (16 bytes read, 5 bits of entropy available)
[    8.365727] random: udevadm: uninitialized urandom read (16 bytes read, 5 bits of entropy available)
[    8.365966] random: udevadm: uninitialized urandom read (16 bytes read, 5 bits of entropy available)
[    8.366022] random: udevadm: uninitialized urandom read (16 bytes read, 5 bits of entropy available)
[    8.366075] random: udevadm: uninitialized urandom read (16 bytes read, 5 bits of entropy available)
[    8.366128] random: udevadm: uninitialized urandom read (16 bytes read, 5 bits of entropy available)
[    8.366176] random: udevadm: uninitialized urandom read (16 bytes read, 5 bits of entropy available)
[    8.451055] e1000: Intel(R) PRO/1000 Network Driver - version 7.3.21-k8-NAPI
[    8.453730] e1000: Copyright (c) 1999-2006 Intel Corporation.
[    8.462000] [drm] Initialized drm 1.1.0 20060810
[    8.465896] Fusion MPT base driver 3.04.20
[    8.467562] Copyright (c) 1999-2008 LSI Corporation
[    8.488176] vboxvideo: loading out-of-tree module taints kernel.
[    8.490706] vboxvideo: module verification failed: signature and/or required key missing - tainting kernel
[    8.500304] Fusion MPT SPI Host driver 3.04.20
[    8.509071] [drm] VRAM 01000000
[    8.513783] [TTM] Zone  kernel: Available graphics memory: 2023162 kiB
[    8.517324] [TTM] Initializing pool allocator
[    8.519825] [TTM] Initializing DMA pool allocator
[    8.527151] AVX2 version of gcm_enc/dec engaged.
[    8.534959] AES CTR mode by8 optimization enabled
[    8.535014] fbcon: vboxdrmfb (fb0) is primary device
[    8.557484] Console: switching to colour frame buffer device 100x37
[    8.586652] vboxvideo 0000:00:02.0: fb0: vboxdrmfb frame buffer device
[    8.604157] [drm] Initialized vboxvideo 1.0.0 20130823 for 0000:00:02.0 on minor 0
[    8.689746] input: ImExPS/2 Generic Explorer Mouse as /devices/platform/i8042/serio1/input/input4
[    8.928208] tsc: Refined TSC clocksource calibration: 2902.961 MHz
[    8.929561] clocksource: tsc: mask: 0xffffffffffffffff max_cycles: 0x29d8300c7ae, max_idle_ns: 440795211390 ns
[    9.159506] e1000 0000:00:03.0 eth0: (PCI:33MHz:32-bit) 02:20:67:8c:d5:af
[    9.160995] e1000 0000:00:03.0 eth0: Intel(R) PRO/1000 Network Connection
[    9.163178] mptbase: ioc0: Initiating bringup
[    9.171588] e1000 0000:00:03.0 enp0s3: renamed from eth0
[    9.339943] ioc0: LSI53C1030 A0: Capabilities={Initiator}
[    9.827413] scsi host2: ioc0: LSI53C1030 A0, FwRev=00000000h, Ports=1, MaxQ=256, IRQ=20
[   10.008658] scsi 2:0:0:0: Direct-Access     VBOX     HARDDISK         1.0  PQ: 0 ANSI: 5
[   10.010858] scsi target2:0:0: Beginning Domain Validation
[   10.014605] scsi target2:0:0: Domain Validation skipping write tests
[   10.016442] scsi target2:0:0: Ending Domain Validation
[   10.019845] scsi target2:0:0: asynchronous
[   10.022111] scsi 2:0:1:0: Direct-Access     VBOX     HARDDISK         1.0  PQ: 0 ANSI: 5
[   10.024578] scsi target2:0:1: Beginning Domain Validation
[   10.028460] scsi target2:0:1: Domain Validation skipping write tests
[   10.030318] scsi target2:0:1: Ending Domain Validation
[   10.038565] scsi target2:0:1: asynchronous
[   10.047706] sd 2:0:0:0: Attached scsi generic sg0 type 0
[   10.057741] sd 2:0:0:0: [sda] 20971520 512-byte logical blocks: (10.7 GB/10.0 GiB)
[   10.060563] sd 2:0:0:0: [sda] Write Protect is off
[   10.062571] sd 2:0:0:0: [sda] Incomplete mode parameter data
[   10.064436] sd 2:0:0:0: [sda] Assuming drive cache: write through
[   10.070027] sd 2:0:1:0: [sdb] 20480 512-byte logical blocks: (10.5 MB/10.0 MiB)
[   10.072965] sd 2:0:1:0: Attached scsi generic sg1 type 0
[   10.074081]  sda: sda1
[   10.078463] sd 2:0:1:0: [sdb] Write Protect is off
[   10.078659] sd 2:0:0:0: [sda] Attached SCSI disk
[   10.083143] sd 2:0:1:0: [sdb] Incomplete mode parameter data
[   10.085130] sd 2:0:1:0: [sdb] Assuming drive cache: write through
[   10.091187] sd 2:0:1:0: [sdb] Attached SCSI disk
Begin: Loading e[   10.252564] md: linear personality registered for level -1
ssential drivers ... [   10.268799] md: multipath personality registered for level -4
[   10.273240] md: raid0 personality registered for level 0
[   10.278236] md: raid1 personality registered for level 1
[   10.351778] raid6: sse2x1   gen()  7449 MB/s
[   10.420053] raid6: sse2x1   xor()  5357 MB/s
[   10.488407] raid6: sse2x2   gen()  9750 MB/s
[   10.555762] raid6: sse2x2   xor()  7253 MB/s
[   10.624022] raid6: sse2x4   gen() 10588 MB/s
[   10.692415] raid6: sse2x4   xor()  7351 MB/s
[   10.760271] raid6: avx2x1   gen()  9768 MB/s
[   10.827612] raid6: avx2x2   gen() 15327 MB/s
[   10.900136] raid6: avx2x4   gen() 15727 MB/s
[   10.902095] raid6: using algorithm avx2x4 gen() 15727 MB/s
[   10.904314] raid6: using avx2x2 recovery algorithm
[   10.914231] xor: automatically using best checksumming function:
[   10.955825]    avx       : 14699.000 MB/sec
[   10.959187] async_tx: api initialized (async)
[   10.972049] md: raid6 personality registered for level 6
[   10.973728] md: raid5 personality registered for level 5
[   10.976216] md: raid4 personality registered for level 4
[   10.987072] md: raid10 personality registered for level 10
done.
Begin: Running /scripts/init-premount ... done.
Begin: Mounting root file system ... Begin: Running /scripts/local-top ... done.
Begin: Running /scripts/local-premount ... [   11.042349] Btrfs loaded
Scanning for Btrfs filesystems
done.
Warning: fsck no[   11.080047] EXT4-fs (sda1): INFO: recovery required on readonly filesystem
t present, so skipping root file system
[   11.114866] EXT4-fs (sda1): write access will be enabled during recovery
[   11.157900] EXT4-fs (sda1): recovery complete
[   11.159307] EXT4-fs (sda1): mounted filesystem with ordered data mode. Opts: (null)
done.
Begin: Running /scripts/local-bottom ... done.
Begin: Running /scripts/init-bottom ... done.
[   11.293376] systemd[1]: systemd 229 running in system mode. (+PAM +AUDIT +SELINUX +IMA +APPARMOR +SMACK +SYSVINIT +UTMP +LIBCRYPTSETUP +GCRYPT +GNUTLS +ACL +XZ -LZ4 +SECCOMP +BLKID +ELFUTILS +KMOD -IDN)
[   11.307058] systemd[1]: Detected virtualization oracle.
[   11.309012] systemd[1]: Detected architecture x86-64.

Welcome to [1mUbuntu 16.04.5 LTS[0m!

[   11.314806] systemd[1]: Set hostname to <ubuntu-xenial>.
[   11.501243] systemd[1]: Listening on Device-mapper event daemon FIFOs.
[[0;32m  OK  [0m] Listening on Device-mapper event daemon FIFOs.
[   11.505822] systemd[1]: Created slice User and Session Slice.
[[0;32m  OK  [0m] Created slice User and Session Slice.
[   11.509769] systemd[1]: Reached target User and Group Name Lookups.
[[0;32m  OK  [0m] Reached target User and Group Name Lookups.
[   11.513885] systemd[1]: Started Forward Password Requests to Wall Directory Watch.
[[0;32m  OK  [0m] Started Forward Password Requests to Wall Directory Watch.
[   11.518673] systemd[1]: Reached target Swap.
[[0;32m  OK  [0m] Reached target Swap.
[   11.522020] systemd[1]: Listening on Syslog Socket.
[[0;32m  OK  [0m] Listening on Syslog Socket.
[   11.525646] systemd[1]: Listening on /dev/initctl Compatibility Named Pipe.
[[0;32m  OK  [0m] Listening on /dev/initctl Compatibility Named Pipe.
[   11.530384] systemd[1]: Listening on Journal Socket (/dev/log).
[[0;32m  OK  [0m] Listening on Journal Socket (/dev/log).
[   11.535190] systemd[1]: Listening on udev Control Socket.
[[0;32m  OK  [0m] Listening on udev Control Socket.
[   11.539810] systemd[1]: Started Trigger resolvconf update for networkd DNS.
[[0;32m  OK  [0m] Started Trigger resolvconf update for networkd DNS.
[   11.544882] systemd[1]: Reached target System Time Synchronized.
[[0;32m  OK  [0m] Reached target System Time Synchronized.
[   11.549801] systemd[1]: Set up automount Arbitrary Executable File Formats File System Automount Point.
[[0;32m  OK  [0m] Set up automount Arbitrary Executab...ats File System Automount Point.
[   11.557545] systemd[1]: Listening on Journal Audit Socket.
[[0;32m  OK  [0m] Listening on Journal Audit Socket.
[   11.563615] systemd[1]: Reached target Encrypted Volumes.
[[0;32m  OK  [0m] Reached target Encrypted Volumes.
[   11.578261] systemd[1]: Listening on LVM2 poll daemon socket.
[[0;32m  OK  [0m] Listening on LVM2 poll daemon socket.
[   11.583062] systemd[1]: Listening on udev Kernel Socket.
[[0;32m  OK  [0m] Listening on udev Kernel Socket.
[   11.587537] systemd[1]: Listening on LVM2 metadata daemon socket.
[[0;32m  OK  [0m] Listening on LVM2 metadata daemon socket.
[   11.592679] systemd[1]: Listening on Journal Socket.
[[0;32m  OK  [0m] Listening on Journal Socket.
[   11.597821] systemd[1]: Created slice System Slice.
[[0;32m  OK  [0m] Created slice System Slice.
[   11.624567] systemd[1]: Starting Create list of required static device nodes for the current kernel...
         Starting Create list of required st... nodes for the current kernel...
[   11.633510] systemd[1]: Reached target Slices.
[[0;32m  OK  [0m] Reached target Slices.
[   11.638399] systemd[1]: Starting Remount Root and Kernel File Systems...
         Starting Remount Root and Kernel File Systems...
[   11.655731] systemd[1]: Created slice system-serial\x2dgetty.slice.
[[0;32m  OK  [0m] Created slice system-serial\x2dgetty.slice.
[   11.661972] systemd[1]: Starting Journal Service...
         Starting Journal Service...[   11.673018] EXT4-fs (sda1): re-mounted. Opts: (null)

[   11.677118] systemd[1]: Mounting Debug File System...
         Mounting Debug File System...
[   11.684123] systemd[1]: Mounting Huge Pages File System...
         Mounting Huge Pages File System...
[   11.724046] systemd[1]: Starting Nameserver information manager...
         Starting Nameserver information manager...
[   11.734701] systemd[1]: Starting Monitoring of LVM2 mirrors, snapshots etc. using dmeventd or progress polling...
         Starting Monitoring of LVM2 mirrors... dmeventd or progress polling...
[   11.751091] systemd[1]: Mounting POSIX Message Queue File System...
         Mounting POSIX Message Queue File System...
[   11.774830] systemd[1]: Starting Set console keymap...
         Starting Set console keymap...
[   11.816079] systemd[1]: Starting Uncomplicated firewall...
         Starting Uncomplicated firewall...
[   11.889736] random: nonblocking pool is initialized
[   11.904237] systemd[1]: Starting Load Kernel Modules...
         Starting Load Kernel Modules...
[   11.913412] systemd[1]: Mounted Huge Pages File System.
[[0;32m  OK  [0m] Mounted Huge Pag[   11.919958] Loading iSCSI transport class v2.0-870.
es File System.
[   11.930539] systemd[1]: Mounted POSIX Message Queue File System.
[[0;32m  OK  [0m] Mounted POSIX Message Queue File System.
[   11.947886] systemd[1]: Mounted Debug File System.
[[0;32m  OK  [0m] Mounted Debug File System.
[   11.956077] systemd[1]: Started Journal Service.
[[0;32m  OK  [0m] Started Journal Service.
[   11.962964] iscsi: registered transport (tcp)
[[0;32m  OK  [0m] Started Create list of required sta...ce nodes for the current kernel.
[[0;32m  OK  [0m] Started Remount Root and Kernel File Systems.
[[0;32m  OK  [0m] Started Set console keymap.
[[0;32m  OK  [0[   12.012350] iscsi: registered transport (iser)
m] Started Uncomplicated firewall.
[[0;32m  OK  [0m] Started Load Kernel Modules.
[[0;32m  OK  [0m] Started Nameserver information manager.
[[0;32m  OK  [0m] Started LVM2 metadata daemon.
         Mounting FUSE Control File System...
         Starting Apply Kernel Variables...
         Starting udev Coldplug all Devices...
         Starting Load/Save Random Seed...
         Starting Create Static Device Nodes in /dev...
         Starting Flush Journal to Persistent Storage...
[[0;32m  OK  [0m] Mounted FUSE Control File System.
[[0;32m  OK  [0m] Started Apply Kernel Variables.
[[0;32m  OK  [0m] Started Load/Save Random Seed.
[[0;32m  OK  [0m] Started Create Static Device Nodes in /dev.
[[0;32m  OK  [0m] Started udev Coldplug all Devices.
[[0;32m  OK  [0m] Started Flush Journal to Persistent Storage.
         Starting udev Kernel Device Manager...
[[0;32m  OK  [0m] Started udev Kernel Device Manager.
[[0;32m  OK  [0m] Started Dispatch Password Requests to Console Directory Watch.
[[0;32m  OK  [0m] Found device /dev/ttyS0.
[[0;32m  OK  [0m] Listening on Load/Save RF Kill Switch Status /dev/rfkill Watch.
[[0;32m  OK  [0m] Started Monitoring of LVM2 mirrors,...ng dmeventd or progress polling.
[[0;32m  OK  [0m] Reached target Local File Systems (Pre).
[[0;32m  OK  [0m] Reached target Local File Systems.
         Starting Create Volatile Files and Directories...
         Starting Initial cloud-init job (pre-networking)...
         Starting Tell Plymouth To Write Out Runtime Data...
         Starting Set console font and keymap...
         Starting LSB: AppArmor initialization...
[[0;32m  OK  [0m] Started Create Volatile Files and Directories.
[[0;32m  OK  [0m] Started Tell Plymouth To Write Out Runtime Data.
         Starting Update UTMP about System Boot/Shutdown...
[[0;32m  OK  [0m] Started Update UTMP about System Boot/Shutdown.
[[0;32m  OK  [0m] Found device 82540EM Gigabit Ethern...r (PRO/1000 MT Desktop Adapter).
[[0;32m  OK  [0m] Started Set console font and keymap.
[[0;32m  OK  [0m] Created slice system-getty.slice.
[[0;32m  OK  [0m] Started LSB: AppArmor initialization.
[    6.494842] cloud-init[554]: Traceback (most recent call last):
[    6.498673] cloud-init[554]:   File "/usr/bin/cloud-init", line 9, in <module>
[    6.513728] cloud-init[554]:     load_entry_point('cloud-init==18.3', 'console_scripts', 'cloud-init')()
[[0;1;31mFAILED[0m] Failed to start Initial cloud-init job (pre-networking).
See 'systemctl status cloud-init-local.service' for details.
[[0;32m  OK  [0m] Reached target Network (Pre).
[    6.555755] cloud-init[554]:   File "/usr/lib/python3/dist-packages/pkg_resources/__init__.py", line 542, in load_entry_point
         Starting Raise network interfaces...
[    6.692598] cloud-init[554]:     return get_distribution(dist).load_entry_point(group, name)
[    6.768268] [[0;32m  OK  [0m] Started ifup for enp0s3.
cloud-init[554]:   File "/usr/lib/python3/dist-packages/pkg_resources/__init__.py", line 2569, in load_entry_point
[    6.787345] cloud-init[554]:     return ep.load()
[    6.789178] cloud-init[554]:   File "/usr/lib/python3/dist-packages/pkg_resources/__init__.py", line 2229, in load
[    6.830211] cloud-init[554]:     return self.resolve()
[    6.876282] cloud-init[554]:   File "/usr/lib/python3/dist-packages/pkg_resources/__init__.py", line 2235, in resolve
[    6.879036] cloud-init[554]:     module = __import__(self.module_name, fromlist=['__name__'], level=0)
[    6.881824] cloud-init[554]:   File "/usr/lib/python3/dist-packages/cloudinit/cmd/main.py", line 29, in <module>
[    6.940259] cloud-init[554]:     from cloudinit import stages
[    6.940483] cloud-init[554]:   File "/usr/lib/python3/dist-packages/cloudinit/stages.py", line 21, in <module>
[    6.940695] cloud-init[554]:     from cloudinit.handlers import cloud_config as cc_part
[    6.940868] cloud-init[554]:   File "/usr/lib/python3/dist-packages/cloudinit/handlers/cloud_config.py", line 11, in <module>
[    6.941061] cloud-init[554]:     import jsonpatch
[    6.941284] cloud-init[554]:   File "/usr/lib/python3/dist-packages/jsonpatch.py", line 114, in <module>
[    6.941466] cloud-init[554]:     json.load = get_loadjson()
[    6.941642] cloud-init[554]:   File "/usr/lib/python3/dist-packages/jsonpatch.py", line 108, in get_loadjson
[    6.941819] cloud-init[554]:     argspec = inspect.getargspec(json.load)
[    6.942006] cloud-init[554]:   File "/usr/lib/python3.6/inspect.py", line 1080, in getargspec
[    6.942268] cloud-init[554]:     raise ValueError("Function has keyword-only parameters or annotations"
[    6.942695] cloud-init[554]: ValueError: Function has keyword-only parameters or annotations, use getfullargspec() API which can support them
[    6.943144] cloud-init[554]: Error in sys.excepthook:
[    6.943366] cloud-init[554]: Traceback (most recent call last):
[    6.943590] cloud-init[554]:   File "/usr/lib/python3/dist-packages/apport_python_hook.py", line 63, in apport_excepthook
[    6.943824] cloud-init[554]:     from apport.fileutils import likely_packaged, get_recent_crashes
[    6.944087] cloud-init[554]:   File "/usr/lib/python3/dist-packages/apport/__init__.py", line 5, in <module>
[    6.944303] cloud-init[554]:     from apport.report import Report
[    6.944549] cloud-init[554]:   File "/usr/lib/python3/dist-packages/apport/report.py", line 30, in <module>
[    6.944798] cloud-init[554]:     import apport.fileutils
[    6.945290] cloud-init[554]:   File "/usr/lib/python3/dist-packages/apport/fileutils.py", line 23, in <module>
[    6.945575] cloud-init[554]:     from apport.packaging_impl import impl as packaging
[    6.945838] cloud-init[554]:   File "/usr/lib/python3/dist-packages/apport/packaging_impl.py", line 23, in <module>
[    6.946110] cloud-init[554]:     import apt
[    6.946364] cloud-init[554]:   File "/usr/lib/python3/dist-packages/apt/__init__.py", line 23, in <module>
[    6.946622] cloud-init[554]:     import apt_pkg
[    6.946883] cloud-init[554]: ModuleNotFoundError: No module named 'apt_pkg'
[[0;32m  OK  [0m] Started Raise network interfaces.
[    6.947157] cloud-init[554]: Original exception was:
[    7.741293] cloud-init[554]: Traceback (most recent call last):
[    7.741624] cloud-init[554]:   File "/usr/bin/cloud-init", line 9, in <module>
[    7.742192] cloud-init[554]:     load_entry_point('cloud-init==18.3', 'console_scripts', 'cloud-init')()
[    7.742482] cloud-init[554]:   File "/usr/lib/python3/dist-packages/pkg_resources/__init__.py", line 542, in load_entry_point
[    7.742734] cloud-init[554]:     return get_distribution(dist).load_entry_point(group, name)
[    7.743005] cloud-init[554]:   File "/usr/lib/python3/dist-packages/pkg_resources/__init__.py", line 2569, in load_entry_point
[    7.743257] cloud-init[554]:     return ep.load()
[    7.743515] cloud-init[554]:   File "/usr/lib/python3/dist-packages/pkg_resources/__init__.py", line 2229, in load
[    7.743773] cloud-init[554]:     return self.resolve()
[    7.744593] cloud-init[554]:   File "/usr/lib/python3/dist-packages/pkg_resources/__init__.py", line 2235, in resolve
[    7.744820] cloud-init[554]:     module = __import__(self.module_name, fromlist=['__name__'], level=0)
[    7.745042] cloud-init[554]:   File "/usr/lib/python3/dist-packages/cloudinit/cmd/main.py", line 29, in <module>
[    7.745286] cloud-init[554]:     from cloudinit import stages
[    7.745527] cloud-init[554]:   File "/usr/lib/python3/dist-packages/cloudinit/stages.py", line 21, in <module>
[    7.745788] cloud-init[554]:     from cloudinit.handlers import cloud_config as cc_part
[    7.746005] cloud-init[554]:   File "/usr/lib/python3/dist-packages/cloudinit/handlers/cloud_config.py", line 11, in <module>
[[0;32m  OK  [0m] Reached target Network.
[    7.746040] cloud-init[554]:     import jsonpatch
[    7.916633] cloud-init[554]:   File "/usr/lib/python3/dist-packages/jsonpatch.py", line 114, in <module>
[    7.920169] cloud-init[554]:     json.load = get_loadjson()
[    7.922249] cloud-init[554]:   File "/usr/lib/python3/dist-packages/jsonpatch.py", line 108, in get_loadjson
[    7.988606] cloud-init[554]:     argspec = inspect.getargspec(json.load)
[    7.988983] cloud-init[554]:   File "/usr/lib/python3.6/inspect.py", line 1080, in getargspec
         Starting Initial cloud-init job (metadata service crawler)...
[    7.989672] cloud-init[554]:     raise ValueError("Function has keyword-only parameters or annotations"
[    8.107034] cloud-init[554]: ValueError: Function has keyword-only parameters or annotations, use getfullargspec() API which can support them
[    8.428266] cloud-init[1050]: Traceback (most recent call last):
[    8.465385] [[0;1;31mFAILED[0m] Failed to start Initial cloud-init job (metadata service crawler).
See 'systemctl status cloud-init.service' for details.
cloud-init[1050]:   File "/usr/bin/cloud-init", line 9, in <module>
[    8.476127] [[0;32m  OK  [0m] Reached target System Initialization.
[[0;32m  OK  [0m] Listening on D-Bus System Message Bus Socket.
[[0;32m  OK  [0m] Listening on ACPID Listen Socket.
cloud-init[1050]:     load_entry_point('cloud-init==18.3', 'console_scripts', 'cloud-init')()
[    8.545122]          Starting Docker Socket for the API.
[[0;32m  OK  [0m] Started Daily Cleanup of Temporary Directories.
         Starting Socket activation for snappy daemon.
[[0;32m  OK  [0m] Listening on UUID daemon activation socket.
         Starting LXD - unix socket.
cloud-init[1050]:   File "/usr/lib/python3/dist-packages/pkg_resources/__init__.py", line 542, in load_entry_point
[    8.642640] [[0;32m  OK  [0m] Started Daily apt download activities.
[[0;32m  OK  [0m] Started Daily apt upgrade and clean activities.
cloud-init[1050]:     return get_distribution(dist).load_entry_point(group, name)
[    8.704886] [cloud-init[0;32m  OK  [0m[1050]: ]   File "/usr/lib/python3/dist-packages/pkg_resources/__init__.py", line 2569, in load_entry_pointReached target Timers.

[    8.706048] cloud-init[1050]:     return ep.load()
[    8.790910] [[0;32m  OK  [0m] Started ACPI Events Check.
[[0;32m  OK  [0m] Reached target Paths.
cloud-init[1050]:   File "/usr/lib/python3/dist-packages/pkg_resources/__init__.py", line 2229, in load
[    8.961165] [[0;32m  OK  [0m] Reached target Cloud-config availability.
[[0;32m  OK  [0m] Reached target Network is Online.
cloud-init[1050]:     return self.resolve()
[    9.028710]          Starting iSCSI initiator daemon (iscsid)...
cloud-init[[0;32m  OK  [0m] Listening on Docker Socket for the API.
[[0;32m  OK  [0m] Listening on Socket activation for snappy daemon.
[[0;32m  OK  [0m] Listening on LXD - unix socket.
[1050]:   File "/usr/lib/python3/dist-packages/pkg_resources/__init__.py", line 2235, in resolve
[    9.096675] [[0;32m  OK  [0m] Started iSCSI initiator daemon (iscsid).
cloud-init[1050]:     module = __import__(self.module_name, fromlist=['__name__'], level=0)
[    9.196849]          Starting Login to default iSCSI targets...
[[0;32m  OK  [0m] Reached target Sockets.
cloud-init[1050]:   File "/usr/lib/python3/dist-packages/cloudinit/cmd/main.py", line 29, in <module>
[    9.198005] cloud-init[1050]:     from cloudinit import stages
[    9.353130] [[0;32m  OK  [0m] Reached target Basic System.
cloud-init[1050]:   File "/usr/lib/python3/dist-packages/cloudinit/stages.py", line 21, in <module>
[    9.500758]          Starting Login Service...
cloud-init[1050]:     from cloudinit.handlers import cloud_config as cc_part
[    9.539037]          Starting LSB: Record successful boot for GRUB...
cloud-init[1050]:   File "/usr/lib/python3/dist-packages/cloudinit/handlers/cloud_config.py", line 11, in <module>
[    9.571503] [[0;32m  OK  [0m] Started ACPI event daemon.
cloud-init         Starting System Logging Service...
[[0;32m  OK  [0m] Started FUSE filesystem for LXC.
[1050]:     import jsonpatch
[    9.629123] [[0;32m  OK  [0m] Started Regular background program processing daemon.
cloud-init[1050]:   File "/usr/lib/python3/dist-packages/jsonpatch.py", line 114, in <module>
         Starting vboxadd.service...
[    9.681681] cloud-init[1050]:     json.load = get_loadjson()
         Starting Accounts Service...
[    9.702369] cloud-init[1050]:   File "/usr/lib/python3/dist-packages/jsonpatch.py", line 108, in get_loadjson
[    9.712948] cloud-init[1050]:     argspec = inspect.getargspec(json.load)
[[0;32m  OK  [0m] Started Deferred execution scheduler.
         Starting Ubuntu FAN network setup...
         Starting LSB: MD monitoring daemon...
[    9.742369] cloud-init[1050]:   File "/usr/lib/python3.6/inspect.py", line 1080, in getargspec
[    9.816235]          cloud-initStarting OpenBSD Secure Shell server...[1050]: 
    raise ValueError("Function has keyword-only parameters or annotations"
[    9.896787] cloud-init[1050]: ValueError: Function has keyword-only parameters or annotations, use getfullargspec() API which can support them
         Starting Snappy daemon...
[    9.920368] [[0;32m  OK  [0m] Started Unattended Upgrades Shutdown.
cloud-init[1050]: Error in sys.excepthook:
[    9.975558] cloud-init         Starting LXD - container startup/shutdown...
[1050]: Traceback (most recent call last):
[   10.043397]          Starting /etc/rc.local Compatibility...
cloud-init[1050]:   File "/usr/lib/python3/dist-packages/apport_python_hook.py", line 63, in apport_excepthook
[   10.051272] cloud-init[1050]:     from apport.fileutils import likely_packaged, get_recent_crashes
[[0;32m  OK  [0m] Started D-Bus System Message Bus.
[   10.090204] cloud-init[1050]:   File "/usr/lib/python3/dist-packages/apport/__init__.py", line 5, in <module>
[   10.119524] cloud-init[1050]:     from apport.report import Report
[   10.130241] cloud-init[1050]:   File "/usr/lib/python3/dist-packages/apport/report.py", line 30, in <module>
[   10.172819]          cloud-initStarting Docker Application Container Engine...[1050]: 
    import apport.fileutils
[   10.205219] [[0;32m  OK  [0m] Started System Logging Service.
cloud-init[1050]:   File "/usr/lib/python3/dist-packages/apport/fileutils.py", line 23, in <module>
[   10.218356] [[0;32m  OK  [0m] Started vboxadd.service.
[[0;32m  OK  [0m] Started Ubuntu FAN network setup.
cloud-init[1050]:     from apport.packaging_impl import impl as packaging
[   10.225519] cloud-init[1050]:   File "/usr/lib/python3/dist-packages/apport/packaging_impl.py", line 23, in <module>
[   10.233391] cloud-init[1050]:     import apt
[   10.241543] cloud-init[1050]: [[0;32m  OK  [0m] Started /etc/rc.local Compatibility.
  File "/usr/lib/python3/dist-packages/apt/__init__.py", line 23, in <module>
[   10.247594] cloud-init[1050]:     import apt_pkg
[   10.251154] cloud-init[1050]: ModuleNotFoundError: No module named 'apt_pkg'
[   10.263223] [[0;32m  OK  [0m] Started LXD - container startup/shutdown.
[[0;32m  OK  [0m] Started Snappy daemon.
cloud-init[1050]: Original exception was:
[   10.278493] [[0;32m  OK  [0m] Started OpenBSD Secure Shell server.
cloud-init[1050]: Traceback (most recent call last):
[   10.356743] cloud-init[1050]:   File "/usr/bin/cloud-init", line 9, in <module>
[   10.357512] cloud-init[1050]:     load_entry_point('cloud-init==18.3', 'console_scripts', 'cloud-init')()
[   10.357797] cloud-init[1050]:   File "/usr/lib/python3/dist-packages/pkg_resources/__init__.py", line 542, in load_entry_point
[   10.358060] cloud-init[1050]:     return get_distribution(dist).load_entry_point(group, name)
[   10.358363] cloud-init[1050]:   File "/usr/lib/python3/dist-packages/pkg_resources/__init__.py", line 2569, in load_entry_point
[   10.358644] cloud-init[1050]:     return ep.load()
[   10.358873] cloud-init[1050]:   File "/usr/lib/python3/dist-packages/pkg_resources/__init__.py", line 2229, in load
[   10.359150] cloud-init[1050]:     return self.resolve()
[   10.359756] cloud-init[1050]:   File "/usr/lib/python3/dist-packages/pkg_resources/__init__.py", line 2235, in resolve
[   10.360682] cloud-init[1050]:     module = __import__(self.module_name, fromlist=['__name__'], level=0)
[   10.360980] cloud-init[1050]:   File "/usr/lib/python3/dist-packages/cloudinit/cmd/main.py", line 29, in <module>
[   10.361319] cloud-init[1050]:     from cloudinit import stages
[   10.361654] cloud-init[1050]:   File "/usr/lib/python3/dist-packages/cloudinit/stages.py", line 21, in <module>
[   10.361989] cloud-init[1050]:     from cloudinit.handlers import cloud_config as cc_part
[   10.362368] cloud-init[1050]:   File "/usr/lib/python3/dist-packages/cloudinit/handlers/cloud_config.py", line 11, in <module>
[   10.362676] cloud-init[1050]:     import jsonpatch
[   10.363008] cloud-init[1050]:   File "/usr/lib/python3/dist-packages/jsonpatch.py", line 114, in <module>
[   10.363385] cloud-init[1050]:     json.load = get_loadjson()
[   10.363772] cloud-init[1050]:   File "/usr/lib/python3/dist-packages/jsonpatch.py", line 108, in get_loadjson
[[0;32m  OK  [0m] Started Login to default iSCSI targets.
[   10.363959] cloud-init[1050]:     argspec = inspect.getargspec(json.load)
[   10.427308] cloud-init[1050]:   File "/usr/lib/python3.6/inspect.py", line 1080, in getargspec
[   10.436060] cloud-init[1050]:     raise ValueError("Function has keyword-only parameters or annotations"
[   10.436552] cloud-init[1050]: ValueError: Function has keyword-only parameters or annotations, use getfullargspec() API which can support them
[[0;32m  OK  [0m] Started LSB: Record successful boot for GRUB.
[[0;32m  OK  [0m] Started LSB: MD monitoring daemon.
[[0;32m  OK  [0m] Started Login Service.
         Starting Authenticate and Authorize Users to Run Privileged Tasks...
[[0;32m  OK  [0m] Reached target Remote File Systems (Pre).
[[0;32m  OK  [0m] Reached target Remote File Systems.
         Starting Permit User Sessions...
         Starting LSB: Set the CPU Frequency Scaling governor to "ondemand"...
         Starting LSB: daemon to balance interrupts for SMP systems...
         Starting LSB: Set up cgroupfs mounts....
         Starting LSB: automatic crash report generation...
         Starting Wait until snapd is fully seeded...
         Starting vboxadd-service.service...
[[0;32m  OK  [0m] Started Permit User Sessions.
[[0;32m  OK  [0m] Started LSB: Set up cgroupfs mounts..
[[0;32m  OK  [0m] Started Authenticate and Authorize Users to Run Privileged Tasks.
[[0;32m  OK  [0m] Started vboxadd-service.service.
[[0;32m  OK  [0m] Started Wait until snapd is fully seeded.
[[0;32m  OK  [0m] Started Accounts Service.
[[0;32m  OK  [0m] Started LSB: Set the CPU Frequency Scaling governor to "ondemand".
[[0;32m  OK  [0m] Started LSB: daemon to balance interrupts for SMP systems.
         Starting Apply the settings specified in cloud-config...
         Starting Terminate Plymouth Boot Screen...
         Starting Hold until boot process finishes up...
[[0;32m  OK  [0m] Started LSB: automatic crash report generation.
[[0;32m  OK  [0m] Started Terminate Plymouth Boot Screen.
[[0;32m  OK  [0m] Started Hold until boot process finishes up.
         Starting Set console scheme...
[[0;32m  OK  [0m] Started Getty on tty1.
[[0;32m  OK  [0m] Started Serial Getty on ttyS0.
[[0;32m  OK  [0m] Reached target Login Prompts.
[[0;32m  OK  [0m] Started Set console scheme.
[   11.580526] cloud-init[1297]: Traceback (most recent call last):
[   11.589212] cloud-init[1297]:   File "/usr/bin/cloud-init", line 9, in <module>
[   11.615305] cloud-init[1297]:     load_entry_point('cloud-init==18.3', 'console_scripts', 'cloud-init')()[[0;1;31mFAILED[0m] Failed to start Apply the settings specified in cloud-config.
See 'systemctl status cloud-config.service' for details.

[   11.654030] cloud-init[1297]:   File "/usr/lib/python3/dist-packages/pkg_resources/__init__.py", line 542, in load_entry_point
[   11.656981] cloud-init[1297]:     return get_distribution(dist).load_entry_point(group, name)
[   11.659204] cloud-init[1297]:   File "/usr/lib/python3/dist-packages/pkg_resources/__init__.py", line 2569, in load_entry_point
[   11.679395] cloud-init[1297]:     return ep.load()
[   11.681478] cloud-init[1297]:   File "/usr/lib/python3/dist-packages/pkg_resources/__init__.py", line 2229, in load
[   11.684038] cloud-init[1297]:     return self.resolve()
[   11.701469] cloud-init[1297]:   File "/usr/lib/python3/dist-packages/pkg_resources/__init__.py", line 2235, in resolve
[   11.704319] cloud-init[1297]:     module = __import__(self.module_name, fromlist=['__name__'], level=0)
[   11.706720] cloud-init[1297]:   File "/usr/lib/python3/dist-packages/cloudinit/cmd/main.py", line 29, in <module>
[   11.709708] cloud-init[1297]:     from cloudinit import stages
[   11.718020] cloud-init[1297]:   File "/usr/lib/python3/dist-packages/cloudinit/stages.py", line 21, in <module>
[   11.723037] cloud-init[1297]:     from cloudinit.handlers import cloud_config as cc_part
[   11.725217] cloud-init[1297]:   File "/usr/lib/python3/dist-packages/cloudinit/handlers/cloud_config.py", line 11, in <module>
[   11.727868] cloud-init[1297]:     import jsonpatch
[   11.729292] cloud-init[1297]:   File "/usr/lib/python3/dist-packages/jsonpatch.py", line 114, in <module>
[   11.732530] cloud-init[1297]:     json.load = get_loadjson()
[   11.742617] cloud-init[1297]:   File "/usr/lib/python3/dist-packages/jsonpatch.py", line 108, in get_loadjson
[   11.745228] cloud-init[1297]:     argspec = inspect.getargspec(json.load)
[   11.747123] cloud-init[1297]:   File "/usr/lib/python3.6/inspect.py", line 1080, in getargspec
[   11.749243] cloud-init[1297]:     raise ValueError("Function has keyword-only parameters or annotations"
[   11.753325] cloud-init[1297]: ValueError: Function has keyword-only parameters or annotations, use getfullargspec() API which can support them
[   11.756222] cloud-init[1297]: Error in sys.excepthook:
[   11.759367] cloud-init[1297]: Traceback (most recent call last):
[   11.766235] cloud-init[1297]:   File "/usr/lib/python3/dist-packages/apport_python_hook.py", line 63, in apport_excepthook
[   11.804438] cloud-init[1297]:     from apport.fileutils import likely_packaged, get_recent_crashes
[   11.826306] cloud-init[1297]:   File "/usr/lib/python3/dist-packages/apport/__init__.py", line 5, in <module>
[   11.830574] cloud-init[1297]:     from apport.report import Report
[   11.832788] cloud-init[1297]:   File "/usr/lib/python3/dist-packages/apport/report.py", line 30, in <module>
[   11.836060] cloud-init[1297]:     import apport.fileutils
[   11.857767] cloud-init[1297]:   File "/usr/lib/python3/dist-packages/apport/fileutils.py", line 23, in <module>
[   11.894725] cloud-init[1297]:     from apport.packaging_impl import impl as packaging
[   11.921538] cloud-init[1297]:   File "/usr/lib/python3/dist-packages/apport/packaging_impl.py", line 23, in <module>
[   11.963538] cloud-init[1297]:     import apt
[   11.963904] cloud-init[1297]:   File "/usr/lib/python3/dist-packages/apt/__init__.py", line 23, in <module>
[   11.964662] cloud-init[1297]:     import apt_pkg
[   11.965105] cloud-init[1297]: ModuleNotFoundError: No module named 'apt_pkg'
[   11.965509] cloud-init[1297]: Original exception was:
[[0;32m  OK  [0m] Created slice User Slice of vagrant.
[   11.965882] cloud-init[1297]: Traceback (most recent call last):
[[   11.989841] cloud-init[1297]:   File "/usr/bin/cloud-init", line 9, in <module>
[   11.989997] cloud-init[1297]:     load_entry_point('cloud-init==18.3', 'console_scripts', 'cloud-init')()
[0;32m  OK  [0m] Started Docker Application Container Engine.
[   11.990312] cloud-init[1297]:   File "/usr/lib/python3/dist-packages/pkg_resources/__init__.py", line 542, in load_entry_point
[   12.019698] cloud-init[1297]:     return get_distribution(dist).load_entry_point(group, name)
[   12.024265] cloud-init[1297]:   File "/usr/lib/python3/dist-packages/pkg_resources/__init__.py", line 2569, in load_entry_point
[   12.027154] cloud-init[1297]:     return ep.load()
[   12.028521] cloud-init[1297]:   File "/usr/lib/python3/dist-packages/pkg_resources/__init__.py", line 2229, in load
[   12.032915] cloud-init[1297]:     return self.resolve()
[   12.034185] cloud-init[1297]:   File "/usr/lib/python3/dist-packages/pkg_resources/__init__.py", line 2235, in resolve
[   12.036969] cloud-init[1297]:     module = __import__(self.module_name, fromlist=['__name__'], level=0)
[   12.041280] cloud-init[1297]:   File "/usr/lib/python3/dist-packages/cloudinit/cmd/main.py", line 29, in <module>
[   12.041683] cloud-init[1297]:     from cloudinit import stages
         Starting User Manager for UID 1000...
[[0;32m  OK  [0m] Reached target Multi-User System.
[[0;32m  OK  [0m] Reached target Graphical Interface.
[   12.043326]          Starting Update UTMP about System Runlevel Changes...
         Starting Execute cloud user/final scripts...
cloud-init[1297]:   File "/usr/lib/python3/dist-packages/cloudinit/stages.py", line 21, in <module>
[   12.076584] cloud-init[1297]:     from cloudinit.handlers import cloud_config as cc_part
[   12.084526] [cloud-init[0;32m  OK  [0m[1297]: ]   File "/usr/lib/python3/dist-packages/cloudinit/handlers/cloud_config.py", line 11, in <module>Started Session 2 of user vagrant.

[[0;32m  OK  [0m] Started Session 1 of user vagrant.
[[0;32m  OK  [0m] Started User Manager for UID 1000.
[   12.109677] cloud-init[1297]:     import jsonpatch
[   12.162088] cloud-init[1297]:   File "/usr/lib/python3/dist-packages/jsonpatch.py", line 114, in <module>
[[0;32m  OK  [0m] Started Update UTMP about System Runlevel Changes.
[   12.170587] cloud-init[1297]:     json.load = get_loadjson()
[   12.195054] cloud-init[1297]:   File "/usr/lib/python3/dist-packages/jsonpatch.py", line 108, in get_loadjson
[   12.198084] cloud-init[1297]:     argspec = inspect.getargspec(json.load)
[   12.200768] cloud-init[1297]:   File "/usr/lib/python3.6/inspect.py", line 1080, in getargspec
[   12.204838] cloud-init[1297]:     raise ValueError("Function has keyword-only parameters or annotations"
[   12.208124] cloud-init[1297]: ValueError: Function has keyword-only parameters or annotations, use getfullargspec() API which can support them
[   12.627041] cloud-init[1530]: Traceback (most recent call last):
[   12.648555] cloud-init[1530]:   File "/usr/bin/cloud-init", line 9, in <module>
[   12.680493] cloud-init[1530]:     load_entry_point('cloud-init==18.3', 'console_scripts', 'cloud-init')()
[   12.746030] cloud-init[1530]:   File "/usr/lib/python3/dist-packages/pkg_resources/__init__.py", line 542, in load_entry_point
[   12.887377] cloud-init[1530]:     return get_distribution(dist).load_entry_point(group, name)
[   12.916481] cloud-init[1530]:   File "/usr/lib/python3/dist-packages/pkg_resources/__init__.py", line 2569, in load_entry_point
[[0;1;31mFAILED[0m] Failed to start Execute cloud user/final scripts.
See 'systemctl status cloud-final.service' for details.
[[0;32m  OK  [0m] Reached target Cloud-init target.
[   12.923182] cloud-init[1530]:     return ep.load()
[   12.966322] cloud-init[1530]:   File "/usr/lib/python3/dist-packages/pkg_resources/__init__.py", line 2229, in load
[   12.972772] cloud-init[1530]:     return self.resolve()
         Starting Daily apt download activities...
[   12.979541] cloud-init[1530]:   File "/usr/lib/python3/dist-packages/pkg_resources/__init__.py", line 2235, in resolve
[   12.997564] cloud-init[1530]:     module = __import__(self.module_name, fromlist=['__name__'], level=0)
[   13.000422] cloud-init[1530]:   File "/usr/lib/python3/dist-packages/cloudinit/cmd/main.py", line 29, in <module>
[   13.042910] cloud-init[1530]:     from cloudinit import stages
[   13.048829] cloud-init[1530]:   File "/usr/lib/python3/dist-packages/cloudinit/stages.py", line 21, in <module>
[   13.060304] cloud-init[1530]:     from cloudinit.handlers import cloud_config as cc_part
[   13.089837] cloud-init[1530]:   File "/usr/lib/python3/dist-packages/cloudinit/handlers/cloud_config.py", line 11, in <module>
[   13.113107] cloud-init[1530]:     import jsonpatch
[   13.116154] cloud-init[1530]:   File "/usr/lib/python3/dist-packages/jsonpatch.py", line 114, in <module>
[   13.147395] cloud-init[1530]:     json.load = get_loadjson()
[   13.155075] cloud-init[1530]:   File "/usr/lib/python3/dist-packages/jsonpatch.py", line 108, in get_loadjson
[   13.173610] cloud-init[1530]:     argspec = inspect.getargspec(json.load)
[   13.177001] cloud-init[1530]:   File "/usr/lib/python3.6/inspect.py", line 1080, in getargspec
[   13.189110] cloud-init[1530]:     raise ValueError("Function has keyword-only parameters or annotations"
[   13.192933] cloud-init[1530]: ValueError: Function has keyword-only parameters or annotations, use getfullargspec() API which can support them
[   13.204162] cloud-init[1530]: Error in sys.excepthook:
[   13.248729] cloud-init[1530]: Traceback (most recent call last):
[   13.269764] cloud-init[1530]:   File "/usr/lib/python3/dist-packages/apport_python_hook.py", line 63, in apport_excepthook
[   13.284906] cloud-init[1530]:     from apport.fileutils import likely_packaged, get_recent_crashes
[   13.310766] cloud-init[1530]:   File "/usr/lib/python3/dist-packages/apport/__init__.py", line 5, in <module>
[   13.316685] cloud-init[1530]:     from apport.report import Report
[   13.348778] cloud-init[1530]:   File "/usr/lib/python3/dist-packages/apport/report.py", line 30, in <module>
[   13.374210] cloud-init[1530]:     import apport.fileutils
[   13.389232] cloud-init[1530]:   File "/usr/lib/python3/dist-packages/apport/fileutils.py", line 23, in <module>
[   13.397793] cloud-init[1530]:     from apport.packaging_impl import impl as packaging
[   13.418041] cloud-init[1530]:   File "/usr/lib/python3/dist-packages/apport/packaging_impl.py", line 23, in <module>
[   13.443597] cloud-init[1530]:     import apt
[   13.447680] cloud-init[1530]:   File "/usr/lib/python3/dist-packages/apt/__init__.py", line 23, in <module>
[   13.489609] cloud-init[1530]:     import apt_pkg
[   13.512817] cloud-init[1530]: ModuleNotFoundError: No module named 'apt_pkg'
[   13.592975] cloud-init[1530]: Original exception was:
[   13.612219] cloud-init[1530]: Traceback (most recent call last):
[   13.703072] cloud-init[1530]:   File "/usr/bin/cloud-init", line 9, in <module>
[   13.707220] cloud-init[1530]:     load_entry_point('cloud-init==18.3', 'console_scripts', 'cloud-init')()
[   13.748715] cloud-init[1530]:   File "/usr/lib/python3/dist-packages/pkg_resources/__init__.py", line 542, in load_entry_point
[   13.769819] cloud-init[1530]:     return get_distribution(dist).load_entry_point(group, name)
[   13.779164] cloud-init[1530]:   File "/usr/lib/python3/dist-packages/pkg_resources/__init__.py", line 2569, in load_entry_point
[   13.798055] cloud-init[1530]:     return ep.load()
[   13.802586] cloud-init[1530]:   File "/usr/lib/python3/dist-packages/pkg_resources/__init__.py", line 2229, in load
[   13.815913] cloud-init[1530]:     return self.resolve()
[   13.820715] cloud-init[1530]:   File "/usr/lib/python3/dist-packages/pkg_resources/__init__.py", line 2235, in resolve
[   13.825373] cloud-init[1530]:     module = __import__(self.module_name, fromlist=['__name__'], level=0)
[   13.828364] cloud-init[1530]:   File "/usr/lib/python3/dist-packages/cloudinit/cmd/main.py", line 29, in <module>
[   13.840459] cloud-init[1530]:     from cloudinit import stages
[   13.873680] cloud-init[1530]:   File "/usr/lib/python3/dist-packages/cloudinit/stages.py", line 21, in <module>
[   13.939862] cloud-init[1530]:     from cloudinit.handlers import cloud_config as cc_part
[   13.944847] cloud-init[1530]:   File "/usr/lib/python3/dist-packages/cloudinit/handlers/cloud_config.py", line 11, in <module>
[   13.948465] cloud-init[1530]:     import jsonpatch
[   13.956024] cloud-init[1530]:   File "/usr/lib/python3/dist-packages/jsonpatch.py", line 114, in <module>
[   13.964484] cloud-init[1530]:     json.load = get_loadjson()
[   13.972326] cloud-init[1530]:   File "/usr/lib/python3/dist-packages/jsonpatch.py", line 108, in get_loadjson
[   13.983355] cloud-init[1530]:     argspec = inspect.getargspec(json.load)
[   13.987739] cloud-init[1530]:   File "/usr/lib/python3.6/inspect.py", line 1080, in getargspec
[   13.990640] cloud-init[1530]:     raise ValueError("Function has keyword-only parameters or annotations"
[   13.996036] cloud-init[1530]: ValueError: Function has keyword-only parameters or annotations, use getfullargspec() API which can support them

Ubuntu 16.04.5 LTS ubuntu-xenial ttyS0

ubuntu-xenial login: 